


ARM Macro Assembler    Page 1 


    1 00000000         ;*******************************************************
                       *************************************************
    2 00000000         ;                                                uC/CPU
    3 00000000         ;                                    CPU CONFIGURATION &
                        PORT LAYER
    4 00000000         ;
    5 00000000         ;                          (c) Copyright 2004-2011; Micr
                       ium, Inc.; Weston, FL
    6 00000000         ;
    7 00000000         ;               All rights reserved.  Protected by inter
                       national copyright laws.
    8 00000000         ;
    9 00000000         ;               uC/CPU is provided in source form to reg
                       istered licensees ONLY.  It is 
   10 00000000         ;               illegal to distribute this source code t
                       o any third party unless you receive 
   11 00000000         ;               written permission by an authorized Micr
                       ium representative.  Knowledge of 
   12 00000000         ;               the source code may NOT be used to devel
                       op a similar product.
   13 00000000         ;
   14 00000000         ;               Please help us continue to provide the E
                       mbedded community with the finest 
   15 00000000         ;               software available.  Your honesty is gre
                       atly appreciated.
   16 00000000         ;
   17 00000000         ;               You can contact us at www.micrium.com.
   18 00000000         ;*******************************************************
                       *************************************************
   19 00000000         
   20 00000000         
   21 00000000         ;*******************************************************
                       *************************************************
   22 00000000         ;
   23 00000000         ;                                            CPU PORT FI
                       LE
   24 00000000         ;
   25 00000000         ;                                            ARM-Cortex-
                       M3
   26 00000000         ;                                            GNU C Compi
                       ler
   27 00000000         ;
   28 00000000         ; Filename      : cpu_a.s
   29 00000000         ; Version       : V1.29.00.00
   30 00000000         ; Programmer(s) : JJL
   31 00000000         ;*******************************************************
                       *************************************************
   32 00000000         
   33 00000000         
   34 00000000         ;*******************************************************
                       *************************************************
   35 00000000         ;                                           PUBLIC FUNCT
                       IONS
   36 00000000         ;*******************************************************
                       *************************************************
   37 00000000         
   38 00000000                 EXPORT           CPU_IntDis
   39 00000000                 EXPORT           CPU_IntEn
   40 00000000         



ARM Macro Assembler    Page 2 


   41 00000000                 EXPORT           CPU_SR_Save
   42 00000000                 EXPORT           CPU_SR_Restore
   43 00000000         
   44 00000000                 EXPORT           CPU_WaitForInt
   45 00000000                 EXPORT           CPU_WaitForExcept
   46 00000000         
   47 00000000         
   48 00000000                 EXPORT           CPU_CntLeadZeros
   49 00000000                 EXPORT           CPU_CntTrailZeros
   50 00000000                 EXPORT           CPU_RevBits
   51 00000000         
   52 00000000         
   53 00000000         ;*******************************************************
                       *************************************************
   54 00000000         ;                                      CODE GENERATION D
                       IRECTIVES
   55 00000000         ;*******************************************************
                       *************************************************
   56 00000000         
   57 00000000                 PRESERVE8
   58 00000000                 AREA             |.text|, CODE, READONLY
   59 00000000                 THUMB
   60 00000000         
   61 00000000         
   62 00000000         ;$PAGE
   63 00000000         ;*******************************************************
                       *************************************************
   64 00000000         ;                                    DISABLE and ENABLE 
                       INTERRUPTS
   65 00000000         ;
   66 00000000         ; Description : Disable/Enable interrupts.
   67 00000000         ;
   68 00000000         ; Prototypes  : void  CPU_IntDis(void);
   69 00000000         ;               void  CPU_IntEn (void);
   70 00000000         ;*******************************************************
                       *************************************************
   71 00000000         
   72 00000000         ;.thumb_func
   73 00000000         CPU_IntDis
   74 00000000 B672            CPSID            I
   75 00000002 4770            BX               LR
   76 00000004         
   77 00000004         ;.thumb_func
   78 00000004         CPU_IntEn
   79 00000004 B662            CPSIE            I
   80 00000006 4770            BX               LR
   81 00000008         
   82 00000008         
   83 00000008         ;*******************************************************
                       *************************************************
   84 00000008         ;                                      CRITICAL SECTION 
                       FUNCTIONS
   85 00000008         ;
   86 00000008         ; Description : Disable/Enable interrupts by preserving 
                       the state of interrupts.  Generally speaking, the
   87 00000008         ;               state of the interrupt disable flag is s
                       tored in the local variable 'cpu_sr' & interrupts
   88 00000008         ;               are then disabled ('cpu_sr' is allocated
                        in all functions that need to disable interrupts).



ARM Macro Assembler    Page 3 


   89 00000008         ;               The previous interrupt state is restored
                        by copying 'cpu_sr' into the CPU's status register.
   90 00000008         ;
   91 00000008         ; Prototypes  : CPU_SR  CPU_SR_Save   (void);
   92 00000008         ;               void    CPU_SR_Restore(CPU_SR cpu_sr);
   93 00000008         ;
   94 00000008         ; Note(s)     : (1) These functions are used in general 
                       like this :
   95 00000008         ;
   96 00000008         ;                       void  Task (void  *p_arg)
   97 00000008         ;                       {
   98 00000008         ;                           CPU_SR_ALLOC();             
                               /* Allocate storage for CPU status register */
   99 00000008         ;                               :
  100 00000008         ;                               :
  101 00000008         ;                           CPU_CRITICAL_ENTER();       
                               /* cpu_sr = CPU_SR_Save();                  */
  102 00000008         ;                               :
  103 00000008         ;                               :
  104 00000008         ;                           CPU_CRITICAL_EXIT();        
                               /* CPU_SR_Restore(cpu_sr);                  */
  105 00000008         ;                               :
  106 00000008         ;                       }
  107 00000008         ;*******************************************************
                       *************************************************
  108 00000008         
  109 00000008         ;.thumb_func
  110 00000008         CPU_SR_Save
  111 00000008 F3EF 8010       MRS              R0, PRIMASK ; Set prio int mask
                                                             to mask all (excep
                                                            t faults)
  112 0000000C B672            CPSID            I
  113 0000000E 4770            BX               LR
  114 00000010         
  115 00000010         ;.thumb_func
  116 00000010         CPU_SR_Restore                       ; See Note #2.
  117 00000010 F380 8810       MSR              PRIMASK, R0
  118 00000014 4770            BX               LR
  119 00000016         
  120 00000016         
  121 00000016         ;$PAGE
  122 00000016         ;*******************************************************
                       *************************************************
  123 00000016         ;                                         WAIT FOR INTER
                       RUPT
  124 00000016         ;
  125 00000016         ; Description : Enters sleep state, which will be exited
                        when an interrupt is received.
  126 00000016         ;
  127 00000016         ; Prototypes  : void  CPU_WaitForInt (void)
  128 00000016         ;
  129 00000016         ; Argument(s) : none.
  130 00000016         ;*******************************************************
                       *************************************************
  131 00000016         
  132 00000016         ;.thumb_func
  133 00000016         CPU_WaitForInt
  134 00000016 BF30            WFI                          ; Wait for interrup
                                                            t



ARM Macro Assembler    Page 4 


  135 00000018 4770            BX               LR
  136 0000001A         
  137 0000001A         
  138 0000001A         ;*******************************************************
                       *************************************************
  139 0000001A         ;                                         WAIT FOR EXCEP
                       TION
  140 0000001A         ;
  141 0000001A         ; Description : Enters sleep state, which will be exited
                        when an exception is received.
  142 0000001A         ;
  143 0000001A         ; Prototypes  : void  CPU_WaitForExcept (void)
  144 0000001A         ;
  145 0000001A         ; Argument(s) : none.
  146 0000001A         ;*******************************************************
                       *************************************************
  147 0000001A         
  148 0000001A         ;.thumb_func
  149 0000001A         CPU_WaitForExcept
  150 0000001A BF20            WFE                          ; Wait for exceptio
                                                            n
  151 0000001C 4770            BX               LR
  152 0000001E         
  153 0000001E         
  154 0000001E         ;$PAGE
  155 0000001E         ;*******************************************************
                       *************************************************
  156 0000001E         ;                                         CPU_CntLeadZer
                       os()
  157 0000001E         ;                                        COUNT LEADING Z
                       EROS
  158 0000001E         ;
  159 0000001E         ; Description : Counts the number of contiguous, most-si
                       gnificant, leading zero bits before the 
  160 0000001E         ;                   first binary one bit in a data value
                       .
  161 0000001E         ;
  162 0000001E         ; Prototype   : CPU_DATA  CPU_CntLeadZeros(CPU_DATA  val
                       );
  163 0000001E         ;
  164 0000001E         ; Argument(s) : val         Data value to count leading 
                       zero bits.
  165 0000001E         ;
  166 0000001E         ; Return(s)   : Number of contiguous, most-significant, 
                       leading zero bits in 'val'.
  167 0000001E         ;
  168 0000001E         ; Caller(s)   : Application.
  169 0000001E         ;
  170 0000001E         ;               This function is an INTERNAL CPU module 
                       function but MAY be called by application 
  171 0000001E         ;               function(s).
  172 0000001E         ;
  173 0000001E         ; Note(s)     : (1) (a) Supports 32-bit data value size 
                       as configured by 'CPU_DATA' (see 'cpu.h  
  174 0000001E         ;                       CPU WORD CONFIGURATION  Note #1'
                       ).
  175 0000001E         ;
  176 0000001E         ;                   (b) For 32-bit values :
  177 0000001E         ;



ARM Macro Assembler    Page 5 


  178 0000001E         ;                             b31  b30  b29  ...  b04  b
                       03  b02  b01  b00    # Leading Zeros
  179 0000001E         ;                             ---  ---  ---       ---  -
                       --  ---  ---  ---    ---------------
  180 0000001E         ;                              1    x    x         x    
                       x    x    x    x            0
  181 0000001E         ;                              0    1    x         x    
                       x    x    x    x            1
  182 0000001E         ;                              0    0    1         x    
                       x    x    x    x            2
  183 0000001E         ;                              :    :    :         :    
                       :    :    :    :            :
  184 0000001E         ;                              :    :    :         :    
                       :    :    :    :            :
  185 0000001E         ;                              0    0    0         1    
                       x    x    x    x           27
  186 0000001E         ;                              0    0    0         0    
                       1    x    x    x           28
  187 0000001E         ;                              0    0    0         0    
                       0    1    x    x           29
  188 0000001E         ;                              0    0    0         0    
                       0    0    1    x           30
  189 0000001E         ;                              0    0    0         0    
                       0    0    0    1           31
  190 0000001E         ;                              0    0    0         0    
                       0    0    0    0           32
  191 0000001E         ;
  192 0000001E         ;
  193 0000001E         ;               (2) MUST be defined in 'cpu_a.asm' (or '
                       cpu_c.c') if CPU_CFG_LEAD_ZEROS_ASM_PRESENT is 
  194 0000001E         ;                   #define'd in 'cpu_cfg.h' or 'cpu.h'.
                       
  195 0000001E         ;*******************************************************
                       *************************************************
  196 0000001E         
  197 0000001E         ;.thumb_func
  198 0000001E         CPU_CntLeadZeros
  199 0000001E FAB0 F080       CLZ              R0, R0      ; Count leading zer
                                                            os
  200 00000022 4770            BX               LR
  201 00000024         
  202 00000024         
  203 00000024         ;$PAGE
  204 00000024         ;*******************************************************
                       *************************************************
  205 00000024         ;                                         CPU_CntTrailZe
                       ros()
  206 00000024         ;                                        COUNT TRAILING 
                       ZEROS
  207 00000024         ;
  208 00000024         ; Description : Counts the number of contiguous, least-s
                       ignificant, trailing zero bits before the 
  209 00000024         ;                   first binary one bit in a data value
                       .
  210 00000024         ;
  211 00000024         ; Prototype   : CPU_DATA  CPU_CntTrailZeros(CPU_DATA  va
                       l);
  212 00000024         ;
  213 00000024         ; Argument(s) : val         Data value to count trailing



ARM Macro Assembler    Page 6 


                        zero bits.
  214 00000024         ;
  215 00000024         ; Return(s)   : Number of contiguous, least-significant,
                        trailing zero bits in 'val'.
  216 00000024         ;
  217 00000024         ; Caller(s)   : Application.
  218 00000024         ;
  219 00000024         ;               This function is an INTERNAL CPU module 
                       function but MAY be called by application 
  220 00000024         ;               function(s).
  221 00000024         ;
  222 00000024         ; Note(s)     : (1) (a) Supports 32-bit data value size 
                       as configured by 'CPU_DATA' (see 'cpu.h  
  223 00000024         ;                       CPU WORD CONFIGURATION  Note #1'
                       ).
  224 00000024         ;
  225 00000024         ;                   (b) For 32-bit values :
  226 00000024         ;
  227 00000024         ;                             b31  b30  b29  b28  b27  .
                       ..  b02  b01  b00    # Trailing Zeros
  228 00000024         ;                             ---  ---  ---  ---  ---   
                           ---  ---  ---    ----------------
  229 00000024         ;                              x    x    x    x    x    
                            x    x    1            0
  230 00000024         ;                              x    x    x    x    x    
                            x    1    0            1
  231 00000024         ;                              x    x    x    x    x    
                            1    0    0            2
  232 00000024         ;                              :    :    :    :    :    
                            :    :    :            :
  233 00000024         ;                              :    :    :    :    :    
                            :    :    :            :
  234 00000024         ;                              x    x    x    x    1    
                            0    0    0           27
  235 00000024         ;                              x    x    x    1    0    
                            0    0    0           28
  236 00000024         ;                              x    x    1    0    0    
                            0    0    0           29
  237 00000024         ;                              x    1    0    0    0    
                            0    0    0           30
  238 00000024         ;                              1    0    0    0    0    
                            0    0    0           31
  239 00000024         ;                              0    0    0    0    0    
                            0    0    0           32
  240 00000024         ;
  241 00000024         ;
  242 00000024         ;               (2) MUST be defined in 'cpu_a.asm' (or '
                       cpu_c.c') if CPU_CFG_TRAIL_ZEROS_ASM_PRESENT is 
  243 00000024         ;                   #define'd in 'cpu_cfg.h' or 'cpu.h'.
                       
  244 00000024         ;*******************************************************
                       *************************************************
  245 00000024         
  246 00000024         ;.thumb_func
  247 00000024         CPU_CntTrailZeros
  248 00000024 FA90 F0A0       RBIT             R0, R0      ; Reverse bits
  249 00000028 FAB0 F080       CLZ              R0, R0      ; Count leading zer
                                                            os
  250 0000002C 4770            BX               LR



ARM Macro Assembler    Page 7 


  251 0000002E         
  252 0000002E         
  253 0000002E         ;$PAGE
  254 0000002E         ;*******************************************************
                       *************************************************
  255 0000002E         ;                                            CPU_RevBits
                       ()
  256 0000002E         ;                                            REVERSE BIT
                       S
  257 0000002E         ;
  258 0000002E         ; Description : Reverses the bits in a data value.
  259 0000002E         ;
  260 0000002E         ; Prototypes  : CPU_DATA  CPU_RevBits(CPU_DATA  val);
  261 0000002E         ;
  262 0000002E         ; Argument(s) : val         Data value to reverse bits.
  263 0000002E         ;
  264 0000002E         ; Return(s)   : Value with all bits in 'val' reversed (s
                       ee Note #1).
  265 0000002E         ;
  266 0000002E         ; Caller(s)   : Application.
  267 0000002E         ;
  268 0000002E         ;               This function is an INTERNAL CPU module 
                       function but MAY be called by application function(s).
  269 0000002E         ;
  270 0000002E         ; Note(s)     : (1) The final, reversed data value for '
                       val' is such that :
  271 0000002E         ;
  272 0000002E         ;                       'val's final bit  0       =  'va
                       l's original bit  N
  273 0000002E         ;                       'val's final bit  1       =  'va
                       l's original bit (N - 1)
  274 0000002E         ;                       'val's final bit  2       =  'va
                       l's original bit (N - 2)
  275 0000002E         ;
  276 0000002E         ;                               ...                     
                             ...
  277 0000002E         ;
  278 0000002E         ;                       'val's final bit (N - 2)  =  'va
                       l's original bit  2
  279 0000002E         ;                       'val's final bit (N - 1)  =  'va
                       l's original bit  1
  280 0000002E         ;                       'val's final bit  N       =  'va
                       l's original bit  0
  281 0000002E         ;*******************************************************
                       *************************************************
  282 0000002E         
  283 0000002E         ;.thumb_func
  284 0000002E         CPU_RevBits
  285 0000002E FA90 F0A0       RBIT             R0, R0      ; Reverse bits
  286 00000032 4770            BX               LR
  287 00000034         
  288 00000034         
  289 00000034         ;$PAGE
  290 00000034         ;*******************************************************
                       *************************************************
  291 00000034         ;                                     CPU ASSEMBLY PORT 
                       FILE END
  292 00000034         ;*******************************************************
                       *************************************************



ARM Macro Assembler    Page 8 


  293 00000034         
  294 00000034                 END
Command Line: --xref --diag_suppress=9931 --cpu=Cortex-M3 --apcs=interwork --de
pend="ucos iii\cpu_a.d" -o"ucos iii\cpu_a.o" -I"D:\Open103Z-Demo-HAL\24.uCOS_II
I\uCOS III\MDK-ARM\RTE" -ID:\Keil_v5\ARM\PACK\ARM\CMSIS\4.3.0\CMSIS\Include -ID
:\Keil_v5\ARM\PACK\Keil\STM32F1xx_DFP\2.0.0\Device\Include --predefine="__MICRO
LIB SETA 1" --predefine="__UVISION_VERSION SETA 515" --predefine="_RTE_ SETA 1"
 --predefine="STM32F10X_HD SETA 1" --list=cpu_a.lst ..\uCOS-III\uC-CPU\cpu_a.as
m



ARM Macro Assembler    Page 1 Alphabetic symbol ordering
Relocatable symbols

.text 00000000

Symbol: .text
   Definitions
      At line 58 in file ..\uCOS-III\uC-CPU\cpu_a.asm
   Uses
      None
Comment: .text unused
CPU_CntLeadZeros 0000001E

Symbol: CPU_CntLeadZeros
   Definitions
      At line 198 in file ..\uCOS-III\uC-CPU\cpu_a.asm
   Uses
      At line 48 in file ..\uCOS-III\uC-CPU\cpu_a.asm
Comment: CPU_CntLeadZeros used once
CPU_CntTrailZeros 00000024

Symbol: CPU_CntTrailZeros
   Definitions
      At line 247 in file ..\uCOS-III\uC-CPU\cpu_a.asm
   Uses
      At line 49 in file ..\uCOS-III\uC-CPU\cpu_a.asm
Comment: CPU_CntTrailZeros used once
CPU_IntDis 00000000

Symbol: CPU_IntDis
   Definitions
      At line 73 in file ..\uCOS-III\uC-CPU\cpu_a.asm
   Uses
      At line 38 in file ..\uCOS-III\uC-CPU\cpu_a.asm
Comment: CPU_IntDis used once
CPU_IntEn 00000004

Symbol: CPU_IntEn
   Definitions
      At line 78 in file ..\uCOS-III\uC-CPU\cpu_a.asm
   Uses
      At line 39 in file ..\uCOS-III\uC-CPU\cpu_a.asm
Comment: CPU_IntEn used once
CPU_RevBits 0000002E

Symbol: CPU_RevBits
   Definitions
      At line 284 in file ..\uCOS-III\uC-CPU\cpu_a.asm
   Uses
      At line 50 in file ..\uCOS-III\uC-CPU\cpu_a.asm
Comment: CPU_RevBits used once
CPU_SR_Restore 00000010

Symbol: CPU_SR_Restore
   Definitions
      At line 116 in file ..\uCOS-III\uC-CPU\cpu_a.asm
   Uses
      At line 42 in file ..\uCOS-III\uC-CPU\cpu_a.asm
Comment: CPU_SR_Restore used once
CPU_SR_Save 00000008

Symbol: CPU_SR_Save



ARM Macro Assembler    Page 2 Alphabetic symbol ordering
Relocatable symbols

   Definitions
      At line 110 in file ..\uCOS-III\uC-CPU\cpu_a.asm
   Uses
      At line 41 in file ..\uCOS-III\uC-CPU\cpu_a.asm
Comment: CPU_SR_Save used once
CPU_WaitForExcept 0000001A

Symbol: CPU_WaitForExcept
   Definitions
      At line 149 in file ..\uCOS-III\uC-CPU\cpu_a.asm
   Uses
      At line 45 in file ..\uCOS-III\uC-CPU\cpu_a.asm
Comment: CPU_WaitForExcept used once
CPU_WaitForInt 00000016

Symbol: CPU_WaitForInt
   Definitions
      At line 133 in file ..\uCOS-III\uC-CPU\cpu_a.asm
   Uses
      At line 44 in file ..\uCOS-III\uC-CPU\cpu_a.asm
Comment: CPU_WaitForInt used once
10 symbols
344 symbols in table
